403   297B   http://localhost:80/.htaccess-dev
403   295B   http://localhost:80/.ht_wsr.txt
403   299B   http://localhost:80/.htaccess-local
403   288B   http://localhost:80/.hta
403   299B   http://localhost:80/.htaccess-marco
403   298B   http://localhost:80/.htaccess.bak1
403   297B   http://localhost:80/.htaccess.BAK
403   300B   http://localhost:80/.htaccess.sample
403   297B   http://localhost:80/.htaccess.old
403   298B   http://localhost:80/.htaccess.orig
403   297B   http://localhost:80/.htaccess.txt
403   298B   http://localhost:80/.htaccess.save
403   296B   http://localhost:80/.htaccessBAK
403   296B   http://localhost:80/.htaccessOLD
403   297B   http://localhost:80/.htaccessOLD2
403   298B   http://localhost:80/.htaccess_orig
403   299B   http://localhost:80/.htaccess_extra
403   296B   http://localhost:80/.htaccess_sc
403   294B   http://localhost:80/.htaccess~
403   292B   http://localhost:80/.htgroup
403   297B   http://localhost:80/.htpasswd-old
403   292B   http://localhost:80/.htusers
403   298B   http://localhost:80/.htpasswd_test
403   294B   http://localhost:80/.htpasswds
200    11KB  http://localhost:80/index.html
200    14KB  http://localhost:80/server-status/
200    14KB  http://localhost:80/server-status
